PLINK v1.90b6.14 64-bit (7 Jan 2020)
Options in effect:
  --bfile ../tuto_gwas1_markdown/Data/1kG_MDS8
  --extract topSNPs_1kpg.txt
  --make-bed
  --out 1kG_top

Hostname: BIO-PF1PCTFZ
Working directory: C:\Data\The Data Incubator\pop_gen\plink_sim
Start time: Mon Feb 24 14:48:44 2020

Random number seed: 1582584524
16218 MB RAM detected; reserving 8109 MB for main workspace.
1001479 variants loaded from .bim file.
629 people (0 males, 0 females, 629 ambiguous) loaded from .fam.
Ambiguous sex IDs written to 1kG_top.nosex .
--extract: 25002 variants remaining.
Using 1 thread (no multithreaded calculations invoked).
Before main variant filters, 629 founders and 0 nonfounders present.
Calculating allele frequencies... done.
Total genotyping rate is 0.999429.
25002 variants and 629 people pass filters and QC.
Note: No phenotypes present.
--make-bed to 1kG_top.bed + 1kG_top.bim + 1kG_top.fam ... done.

End time: Mon Feb 24 14:48:47 2020
